#
# A fatal error has been detected by the Java Runtime Environment:
#
#  Internal Error (javaClasses.cpp:124), pid=19220, tid=16660
#  fatal error: Invalid layout of preloaded class
#
# JRE version:  (8.0_11-b12) (build )
# Java VM: Java HotSpot(TM) 64-Bit Server VM (25.11-b03 mixed mode windows-amd64 compressed oops)
# Failed to write core dump. Minidumps are not enabled by default on client versions of Windows
#
# If you would like to submit a bug report, please visit:
#   http://bugreport.sun.com/bugreport/crash.jsp
#

---------------  T H R E A D  ---------------

Current thread (0x0000000002198000):  JavaThread "Unknown thread" [_thread_in_vm, id=16660, stack(0x0000000002550000,0x0000000002650000)]

Stack: [0x0000000002550000,0x0000000002650000]
Native frames: (J=compiled Java code, j=interpreted, Vv=VM code, C=native code)
V  [jvm.dll+0x308eca]
V  [jvm.dll+0x25e121]
V  [jvm.dll+0x25ed33]
V  [jvm.dll+0x256686]
V  [jvm.dll+0x5d4cc]
V  [jvm.dll+0x5d5c3]
V  [jvm.dll+0x71efa]
V  [jvm.dll+0x72258]
V  [jvm.dll+0xe1927]
V  [jvm.dll+0xe1cb6]
V  [jvm.dll+0x1f1407]
V  [jvm.dll+0x2229b4]
V  [jvm.dll+0x14a151]
C  [javaw.exe+0x208a]
C  [javaw.exe+0xc9fb]
C  [javaw.exe+0xca8f]
C  [kernel32.dll+0x159ed]
C  [ntdll.dll+0x2c541]


---------------  P R O C E S S  ---------------

Java Threads: ( => current thread )

Other Threads:

=>0x0000000002198000 (exited) JavaThread "Unknown thread" [_thread_in_vm, id=16660, stack(0x0000000002550000,0x0000000002650000)]

VM state:not at safepoint (not fully initialized)

VM Mutex/Monitor currently owned by a thread: None

GC Heap History (0 events):
No events

Deoptimization events (0 events):
No events

Internal exceptions (0 events):
No events

Events (10 events):
Event: 0.006 loading class java/lang/CharSequence done
Event: 0.006 loading class java/lang/String done
Event: 0.006 loading class java/lang/Class
Event: 0.007 loading class java/lang/reflect/AnnotatedElement
Event: 0.007 loading class java/lang/reflect/AnnotatedElement done
Event: 0.007 loading class java/lang/reflect/GenericDeclaration
Event: 0.007 loading class java/lang/reflect/GenericDeclaration done
Event: 0.007 loading class java/lang/reflect/Type
Event: 0.007 loading class java/lang/reflect/Type done
Event: 0.007 loading class java/lang/Class done


Dynamic libraries:
0x000000013f990000 - 0x000000013f9c4000 	C:\Program Files\Java\jdk1.8.0_11\bin\javaw.exe
0x00000000770a0000 - 0x0000000077249000 	C:\windows\SYSTEM32\ntdll.dll
0x0000000076e80000 - 0x0000000076f9f000 	C:\windows\system32\kernel32.dll
0x000007fefd190000 - 0x000007fefd1fc000 	C:\windows\system32\KERNELBASE.dll
0x000007fefec50000 - 0x000007fefed2b000 	C:\windows\system32\ADVAPI32.dll
0x000007fefd2b0000 - 0x000007fefd34f000 	C:\windows\system32\msvcrt.dll
0x000007fefd7e0000 - 0x000007fefd7ff000 	C:\windows\SYSTEM32\sechost.dll
0x000007fefda30000 - 0x000007fefdb5d000 	C:\windows\system32\RPCRT4.dll
0x0000000076fa0000 - 0x000000007709a000 	C:\windows\system32\USER32.dll
0x000007fefdd70000 - 0x000007fefddd7000 	C:\windows\system32\GDI32.dll
0x000007fefde60000 - 0x000007fefde6e000 	C:\windows\system32\LPK.dll
0x000007feff2e0000 - 0x000007feff3a9000 	C:\windows\system32\USP10.dll
0x000007fefb9b0000 - 0x000007fefbba4000 	C:\windows\WinSxS\amd64_microsoft.windows.common-controls_6595b64144ccf1df_6.0.7601.17514_none_fa396087175ac9ac\COMCTL32.dll
0x000007fefed30000 - 0x000007fefeda1000 	C:\windows\system32\SHLWAPI.dll
0x000007fefd800000 - 0x000007fefd82e000 	C:\windows\system32\IMM32.DLL
0x000007fefd6b0000 - 0x000007fefd7b9000 	C:\windows\system32\MSCTF.dll
0x0000000061420000 - 0x00000000614f2000 	C:\Program Files\Java\jdk1.8.0_11\jre\bin\msvcr100.dll
0x000000005da40000 - 0x000000005e26a000 	C:\Program Files\Java\jdk1.8.0_11\jre\bin\server\jvm.dll
0x000007fef7980000 - 0x000007fef7989000 	C:\windows\system32\WSOCK32.dll
0x000007fefde70000 - 0x000007fefdebd000 	C:\windows\system32\WS2_32.dll
0x000007feff2d0000 - 0x000007feff2d8000 	C:\windows\system32\NSI.dll
0x000007fefa9e0000 - 0x000007fefaa1b000 	C:\windows\system32\WINMM.dll
0x0000000077260000 - 0x0000000077267000 	C:\windows\system32\PSAPI.DLL
0x0000000067a10000 - 0x0000000067a1f000 	C:\Program Files\Java\jdk1.8.0_11\jre\bin\verify.dll
0x0000000067710000 - 0x0000000067738000 	C:\Program Files\Java\jdk1.8.0_11\jre\bin\java.dll
0x00000000676f0000 - 0x0000000067706000 	C:\Program Files\Java\jdk1.8.0_11\jre\bin\zip.dll
0x000007fef20f0000 - 0x000007fef2215000 	C:\windows\system32\dbghelp.dll

VM Arguments:
jvm_args: -Dfile.encoding=Cp1252 -Xbootclasspath:C:\Program Files (x86)\Android\android-studio\sdk\platforms\android-15\android.jar;C:\Program Files (x86)\Android\android-studio\sdk\add-ons\addon-google_apis-google-15\libs\usb.jar;C:\Program Files (x86)\Android\android-studio\sdk\add-ons\addon-google_apis-google-15\libs\effects.jar;C:\Program Files (x86)\Android\android-studio\sdk\add-ons\addon-google_apis-google-15\libs\maps.jar 
java_command: com.gleem.ovride.conn.HTTPCommThreadBell2
java_class_path (initial): C:\Users\michael\Dropbox\workspace_android\LauncherActivity\bin\classes;C:\Users\michael\Dropbox\workspace_android\LauncherActivity\libs\android-support-v4.jar;C:\Program Files (x86)\Android\android-studio\sdk\tools\support\annotations.jar
Launcher Type: SUN_STANDARD

Environment Variables:
JAVA_HOME=C:\Program Files\Java\jdk1.8.0_11
PATH=C:/Program Files/Java/jdk1.8.0_11/bin/../jre/bin/server;C:/Program Files/Java/jdk1.8.0_11/bin/../jre/bin;C:/Program Files/Java/jdk1.8.0_11/bin/../jre/lib/amd64;c:\Program Files (x86)\Intel\iCLS Client\;c:\Program Files\Intel\iCLS Client\;C:\windows\system32;C:\windows;C:\windows\System32\Wbem;C:\windows\System32\WindowsPowerShell\v1.0\;C:\Program Files\Intel\Intel(R) Management Engine Components\DAL;C:\Program Files\Intel\Intel(R) Management Engine Components\IPT;C:\Program Files (x86)\Intel\Intel(R) Management Engine Components\DAL;C:\Program Files (x86)\Intel\Intel(R) Management Engine Components\IPT;C:\Program Files (x86)\Google\Google Apps Sync\;C:\Program Files (x86)\Google\Google Apps Migration\;C:\Program Files\TortoiseSVN\bin;C:\Program Files\nodejs\;C:\Program Files\Java\jdk1.8.0_11\bin;C:\apache-ant-1.9.4\bin;C:\Users\michael\Downloads\adt-bundle-windows-x86_64-20140702\sdk\tools;C:\Users\michael\Downloads\adt-bundle-windows-x86_64-20140702\sdk\platform-tools;C:\Program Files\SlikSvn\bin;C:\Users\michael\AppData\Roaming\npm;C:\Program Files (x86)\Android\android-studio\adt-bundle-windows-x86_64-20140702\eclipse;
USERNAME=michael
OS=Windows_NT
PROCESSOR_IDENTIFIER=Intel64 Family 6 Model 60 Stepping 3, GenuineIntel



---------------  S Y S T E M  ---------------

OS: Windows 7 , 64 bit Build 7601 Service Pack 1

CPU:total 8 (4 cores per cpu, 2 threads per core) family 6 model 60 stepping 3, cmov, cx8, fxsr, mmx, sse, sse2, sse3, ssse3, sse4.1, sse4.2, popcnt, avx, avx2, aes, clmul, erms, ht, tsc, tscinvbit

Memory: 4k page, physical 8298020k(3733792k free), swap 16594176k(11098632k free)

vm_info: Java HotSpot(TM) 64-Bit Server VM (25.11-b03) for windows-amd64 JRE (1.8.0_11-b12), built on Jun 16 2014 20:57:32 by "java_re" with MS VC++ 10.0 (VS2010)

time: Sun Aug 17 06:11:14 2014
elapsed time: 0 seconds

